<?xml version="1.0" encoding="UTF-8"?>
<!-- Generated by org.testng.reporters.JUnitReportReporter -->
<testsuite hostname="NumPc" name="com.automation.xero.testcases.XeroTest" tests="18" failures="0" timestamp="15 Apr 2018 23:51:33 GMT" time="651.930" errors="1">
  <testcase name="loginXero" time="34.331" classname="com.automation.xero.testcases.XeroTest"/>
  <testcase name="testAllTabs" time="58.995" classname="com.automation.xero.testcases.XeroTest"/>
  <testcase name="addOrg4" time="20.640" classname="com.automation.xero.testcases.XeroTest"/>
  <testcase name="xeroLogout" time="43.596" classname="com.automation.xero.testcases.XeroTest"/>
  <testcase name="addOrg1" time="19.997" classname="com.automation.xero.testcases.XeroTest"/>
  <testcase name="addOrg5" time="21.654" classname="com.automation.xero.testcases.XeroTest"/>
  <testcase name="xdcSignup1" time="100.932" classname="com.automation.xero.testcases.XeroTest">
    <error type="org.openqa.selenium.NoSuchElementException" message="Unable to locate element: .//*[@id=&#039;signup-form-error-message-1&#039;]
For documentation on this error, please visit: http://seleniumhq.org/exceptions/no_such_element.html
Build info: version: &#039;3.10.0&#039;, revision: &#039;176b4a9&#039;, time: &#039;2018-03-02T19:03:16.397Z&#039;
System info: host: &#039;NUMPC&#039;, ip: &#039;192.168.254.12&#039;, os.name: &#039;Windows 8.1&#039;, os.arch: &#039;amd64&#039;, os.version: &#039;6.3&#039;, java.version: &#039;1.8.0_31&#039;
Driver info: org.openqa.selenium.firefox.FirefoxDriver
Capabilities {acceptInsecureCerts: true, browserName: firefox, browserVersion: 54.0.1, javascriptEnabled: true, moz:accessibilityChecks: false, moz:processID: 17376, moz:profile: C:\Users\Num\AppData\Local\..., pageLoadStrategy: normal, platform: XP, platformName: XP, platformVersion: 10.0, rotatable: false, specificationLevel: 0, timeouts: {implicit: 0, pageLoad: 300000, script: 30000}}
Session ID: 2276415f-706d-4c83-b489-b6bb76ff171e
*** Element info: {Using=xpath, value=.//*[@id=&#039;signup-form-error-message-1&#039;]}">
      <![CDATA[org.openqa.selenium.NoSuchElementException: Unable to locate element: .//*[@id='signup-form-error-message-1']
For documentation on this error, please visit: http://seleniumhq.org/exceptions/no_such_element.html
Build info: version: '3.10.0', revision: '176b4a9', time: '2018-03-02T19:03:16.397Z'
System info: host: 'NUMPC', ip: '192.168.254.12', os.name: 'Windows 8.1', os.arch: 'amd64', os.version: '6.3', java.version: '1.8.0_31'
Driver info: org.openqa.selenium.firefox.FirefoxDriver
Capabilities {acceptInsecureCerts: true, browserName: firefox, browserVersion: 54.0.1, javascriptEnabled: true, moz:accessibilityChecks: false, moz:processID: 17376, moz:profile: C:\Users\Num\AppData\Local\..., pageLoadStrategy: normal, platform: XP, platformName: XP, platformVersion: 10.0, rotatable: false, specificationLevel: 0, timeouts: {implicit: 0, pageLoad: 300000, script: 30000}}
Session ID: 2276415f-706d-4c83-b489-b6bb76ff171e
*** Element info: {Using=xpath, value=.//*[@id='signup-form-error-message-1']}
	at sun.reflect.NativeConstructorAccessorImpl.newInstance0(Native Method)
	at sun.reflect.NativeConstructorAccessorImpl.newInstance(Unknown Source)
	at sun.reflect.DelegatingConstructorAccessorImpl.newInstance(Unknown Source)
	at java.lang.reflect.Constructor.newInstance(Unknown Source)
	at org.openqa.selenium.remote.http.W3CHttpResponseCodec.createException(W3CHttpResponseCodec.java:187)
	at org.openqa.selenium.remote.http.W3CHttpResponseCodec.decode(W3CHttpResponseCodec.java:122)
	at org.openqa.selenium.remote.http.W3CHttpResponseCodec.decode(W3CHttpResponseCodec.java:49)
	at org.openqa.selenium.remote.HttpCommandExecutor.execute(HttpCommandExecutor.java:160)
	at org.openqa.selenium.remote.service.DriverCommandExecutor.execute(DriverCommandExecutor.java:83)
	at org.openqa.selenium.remote.RemoteWebDriver.execute(RemoteWebDriver.java:601)
	at org.openqa.selenium.remote.RemoteWebDriver.findElement(RemoteWebDriver.java:371)
	at org.openqa.selenium.remote.RemoteWebDriver.findElementByXPath(RemoteWebDriver.java:473)
	at org.openqa.selenium.By$ByXPath.findElement(By.java:361)
	at org.openqa.selenium.remote.RemoteWebDriver.findElement(RemoteWebDriver.java:363)
	at com.automation.xero.testcases.XeroTest.xdcSignup1(XeroTest.java:214)
	at sun.reflect.NativeMethodAccessorImpl.invoke0(Native Method)
	at sun.reflect.NativeMethodAccessorImpl.invoke(Unknown Source)
	at sun.reflect.DelegatingMethodAccessorImpl.invoke(Unknown Source)
	at java.lang.reflect.Method.invoke(Unknown Source)
	at org.testng.internal.MethodInvocationHelper.invokeMethod(MethodInvocationHelper.java:86)
	at org.testng.internal.Invoker.invokeMethod(Invoker.java:643)
	at org.testng.internal.Invoker.invokeTestMethod(Invoker.java:820)
	at org.testng.internal.Invoker.invokeTestMethods(Invoker.java:1128)
	at org.testng.internal.TestMethodWorker.invokeTestMethods(TestMethodWorker.java:129)
	at org.testng.internal.TestMethodWorker.run(TestMethodWorker.java:112)
	at org.testng.TestRunner.privateRun(TestRunner.java:782)
	at org.testng.TestRunner.run(TestRunner.java:632)
	at org.testng.SuiteRunner.runTest(SuiteRunner.java:366)
	at org.testng.SuiteRunner.runSequentially(SuiteRunner.java:361)
	at org.testng.SuiteRunner.privateRun(SuiteRunner.java:319)
	at org.testng.SuiteRunner.run(SuiteRunner.java:268)
	at org.testng.SuiteRunnerWorker.runSuite(SuiteRunnerWorker.java:52)
	at org.testng.SuiteRunnerWorker.run(SuiteRunnerWorker.java:86)
	at org.testng.TestNG.runSuitesSequentially(TestNG.java:1244)
	at org.testng.TestNG.runSuitesLocally(TestNG.java:1169)
	at org.testng.TestNG.run(TestNG.java:1064)
	at org.testng.remote.AbstractRemoteTestNG.run(AbstractRemoteTestNG.java:132)
	at org.testng.remote.RemoteTestNG.initAndRun(RemoteTestNG.java:236)
	at org.testng.remote.RemoteTestNG.main(RemoteTestNG.java:81)
]]>
    </error>
  </testcase> <!-- xdcSignup1 -->
  <testcase name="loginIncorrectPass" time="29.276" classname="com.automation.xero.testcases.XeroTest"/>
  <testcase name="xdcSignup3" time="49.292" classname="com.automation.xero.testcases.XeroTest"/>
  <testcase name="xdcSignup4" time="53.942" classname="com.automation.xero.testcases.XeroTest"/>
  <testcase name="xdcSignup2" time="55.873" classname="com.automation.xero.testcases.XeroTest"/>
  <testcase name="addOrg3" time="22.045" classname="com.automation.xero.testcases.XeroTest"/>
  <testcase name="loginIncorrectEmail" time="27.498" classname="com.automation.xero.testcases.XeroTest"/>
  <testcase name="userLookout" time="20.959" classname="com.automation.xero.testcases.XeroTest"/>
  <testcase name="forgotPassword" time="27.470" classname="com.automation.xero.testcases.XeroTest"/>
  <testcase name="addOrg2" time="23.681" classname="com.automation.xero.testcases.XeroTest"/>
  <testcase name="addOrg6" time="21.193" classname="com.automation.xero.testcases.XeroTest"/>
  <testcase name="testUpload" time="20.556" classname="com.automation.xero.testcases.XeroTest"/>
</testsuite> <!-- com.automation.xero.testcases.XeroTest -->
