<?xml version="1.0" encoding="UTF-8"?>
<!-- Generated by org.testng.reporters.JUnitXMLReporter -->
<testsuite hostname="NumPc" name="Xero TestCases Firefox browser" tests="18" failures="1" timestamp="15 Apr 2018 23:51:31 GMT" time="652.263" errors="0">
  <testcase name="loginXero" time="29.322" classname="com.automation.xero.testcases.XeroTest"/>
  <testcase name="loginIncorrectPass" time="24.265" classname="com.automation.xero.testcases.XeroTest"/>
  <testcase name="loginIncorrectEmail" time="22.482" classname="com.automation.xero.testcases.XeroTest"/>
  <testcase name="forgotPassword" time="22.455" classname="com.automation.xero.testcases.XeroTest"/>
  <testcase name="xdcSignup1" time="95.923" classname="com.automation.xero.testcases.XeroTest">
    <failure type="org.openqa.selenium.NoSuchElementException" message="Unable to locate element: .//*[@id=&amp;apos;signup-form-error-message-1&amp;apos;]
For documentation on this error, please visit: http://seleniumhq.org/exceptions/no_such_element.html
Build info: version: &amp;apos;3.10.0&amp;apos;, revision: &amp;apos;176b4a9&amp;apos;, time: &amp;apos;2018-03-02T19:03:16.397Z&amp;apos;
System info: host: &amp;apos;NUMPC&amp;apos;, ip: &amp;apos;192.168.254.12&amp;apos;, os.name: &amp;apos;Windows 8.1&amp;apos;, os.arch: &amp;apos;amd64&amp;apos;, os.version: &amp;apos;6.3&amp;apos;, java.version: &amp;apos;1.8.0_31&amp;apos;
Driver info: org.openqa.selenium.firefox.FirefoxDriver
Capabilities {acceptInsecureCerts: true, browserName: firefox, browserVersion: 54.0.1, javascriptEnabled: true, moz:accessibilityChecks: false, moz:processID: 17376, moz:profile: C:\Users\Num\AppData\Local\..., pageLoadStrategy: normal, platform: XP, platformName: XP, platformVersion: 10.0, rotatable: false, specificationLevel: 0, timeouts: {implicit: 0, pageLoad: 300000, script: 30000}}
Session ID: 2276415f-706d-4c83-b489-b6bb76ff171e
*** Element info: {Using=xpath, value=.//*[@id=&amp;apos;signup-form-error-message-1&amp;apos;]}">
      <![CDATA[org.openqa.selenium.NoSuchElementException: Unable to locate element: .//*[@id='signup-form-error-message-1']
For documentation on this error, please visit: http://seleniumhq.org/exceptions/no_such_element.html
Build info: version: '3.10.0', revision: '176b4a9', time: '2018-03-02T19:03:16.397Z'
System info: host: 'NUMPC', ip: '192.168.254.12', os.name: 'Windows 8.1', os.arch: 'amd64', os.version: '6.3', java.version: '1.8.0_31'
Driver info: org.openqa.selenium.firefox.FirefoxDriver
Capabilities {acceptInsecureCerts: true, browserName: firefox, browserVersion: 54.0.1, javascriptEnabled: true, moz:accessibilityChecks: false, moz:processID: 17376, moz:profile: C:\Users\Num\AppData\Local\..., pageLoadStrategy: normal, platform: XP, platformName: XP, platformVersion: 10.0, rotatable: false, specificationLevel: 0, timeouts: {implicit: 0, pageLoad: 300000, script: 30000}}
Session ID: 2276415f-706d-4c83-b489-b6bb76ff171e
*** Element info: {Using=xpath, value=.//*[@id='signup-form-error-message-1']}
	at org.openqa.selenium.remote.http.W3CHttpResponseCodec.createException(W3CHttpResponseCodec.java:187)
	at org.openqa.selenium.remote.http.W3CHttpResponseCodec.decode(W3CHttpResponseCodec.java:122)
	at org.openqa.selenium.remote.http.W3CHttpResponseCodec.decode(W3CHttpResponseCodec.java:49)
	at org.openqa.selenium.remote.HttpCommandExecutor.execute(HttpCommandExecutor.java:160)
	at org.openqa.selenium.remote.service.DriverCommandExecutor.execute(DriverCommandExecutor.java:83)
	at org.openqa.selenium.remote.RemoteWebDriver.execute(RemoteWebDriver.java:601)
	at org.openqa.selenium.remote.RemoteWebDriver.findElement(RemoteWebDriver.java:371)
	at org.openqa.selenium.remote.RemoteWebDriver.findElementByXPath(RemoteWebDriver.java:473)
	at org.openqa.selenium.By$ByXPath.findElement(By.java:361)
	at org.openqa.selenium.remote.RemoteWebDriver.findElement(RemoteWebDriver.java:363)
	at com.automation.xero.testcases.XeroTest.xdcSignup1(XeroTest.java:214)
... Removed 28 stack frames]]>
    </failure>
  </testcase> <!-- xdcSignup1 -->
  <testcase name="xdcSignup2" time="50.857" classname="com.automation.xero.testcases.XeroTest"/>
  <testcase name="xdcSignup3" time="44.279" classname="com.automation.xero.testcases.XeroTest"/>
  <testcase name="xdcSignup4" time="48.931" classname="com.automation.xero.testcases.XeroTest"/>
  <testcase name="testAllTabs" time="53.989" classname="com.automation.xero.testcases.XeroTest"/>
  <testcase name="xeroLogout" time="38.571" classname="com.automation.xero.testcases.XeroTest"/>
  <testcase name="testUpload" time="15.55" classname="com.automation.xero.testcases.XeroTest"/>
  <testcase name="addOrg1" time="14.987" classname="com.automation.xero.testcases.XeroTest"/>
  <testcase name="addOrg2" time="18.672" classname="com.automation.xero.testcases.XeroTest"/>
  <testcase name="addOrg3" time="17.039" classname="com.automation.xero.testcases.XeroTest"/>
  <testcase name="addOrg4" time="15.622" classname="com.automation.xero.testcases.XeroTest"/>
  <testcase name="addOrg5" time="16.623" classname="com.automation.xero.testcases.XeroTest"/>
  <testcase name="addOrg6" time="16.184" classname="com.automation.xero.testcases.XeroTest"/>
  <testcase name="userLookout" time="15.941" classname="com.automation.xero.testcases.XeroTest"/>
</testsuite> <!-- Xero TestCases Firefox browser -->
