<html>
<head>
<title>TestNG:  Xero TestCases Firefox browser</title>
<link href="../testng.css" rel="stylesheet" type="text/css" />
<link href="../my-testng.css" rel="stylesheet" type="text/css" />

<style type="text/css">
.log { display: none;} 
.stack-trace { display: none;} 
</style>
<script type="text/javascript">
<!--
function flip(e) {
  current = e.style.display;
  if (current == 'block') {
    e.style.display = 'none';
    return 0;
  }
  else {
    e.style.display = 'block';
    return 1;
  }
}

function toggleBox(szDivId, elem, msg1, msg2)
{
  var res = -1;  if (document.getElementById) {
    res = flip(document.getElementById(szDivId));
  }
  else if (document.all) {
    // this is the way old msie versions work
    res = flip(document.all[szDivId]);
  }
  if(elem) {
    if(res == 0) elem.innerHTML = msg1; else elem.innerHTML = msg2;
  }

}

function toggleAllBoxes() {
  if (document.getElementsByTagName) {
    d = document.getElementsByTagName('div');
    for (i = 0; i < d.length; i++) {
      if (d[i].className == 'log') {
        flip(d[i]);
      }
    }
  }
}

// -->
</script>

</head>
<body>
<h2 align='center'>Xero TestCases Firefox browser</h2><table border='1' align="center">
<tr>
<td>Tests passed/Failed/Skipped:</td><td>17/1/0</td>
</tr><tr>
<td>Started on:</td><td>Sun Apr 15 16:40:39 PDT 2018</td>
</tr>
<tr><td>Total time:</td><td>652 seconds (652263 ms)</td>
</tr><tr>
<td>Included groups:</td><td></td>
</tr><tr>
<td>Excluded groups:</td><td></td>
</tr>
</table><p/>
<small><i>(Hover the method name to see the test class name)</i></small><p/>
<table width='100%' border='1' class='invocation-failed'>
<tr><td colspan='4' align='center'><b>FAILED TESTS</b></td></tr>
<tr><td><b>Test method</b></td>
<td width="30%"><b>Exception</b></td>
<td width="10%"><b>Time (seconds)</b></td>
<td><b>Instance</b></td>
</tr>
<tr>
<td title='com.automation.xero.testcases.XeroTest.xdcSignup1()'><b>xdcSignup1</b><br>Test class: com.automation.xero.testcases.XeroTest<br>Parameters: firefox</td>
<td><div><pre>org.openqa.selenium.NoSuchElementException: Unable to locate element: .//*[@id=&apos;signup-form-error-message-1&apos;]
For documentation on this error, please visit: http://seleniumhq.org/exceptions/no_such_element.html
Build info: version: &apos;3.10.0&apos;, revision: &apos;176b4a9&apos;, time: &apos;2018-03-02T19:03:16.397Z&apos;
System info: host: &apos;NUMPC&apos;, ip: &apos;192.168.254.12&apos;, os.name: &apos;Windows 8.1&apos;, os.arch: &apos;amd64&apos;, os.version: &apos;6.3&apos;, java.version: &apos;1.8.0_31&apos;
Driver info: org.openqa.selenium.firefox.FirefoxDriver
Capabilities {acceptInsecureCerts: true, browserName: firefox, browserVersion: 54.0.1, javascriptEnabled: true, moz:accessibilityChecks: false, moz:processID: 17376, moz:profile: C:\Users\Num\AppData\Local\..., pageLoadStrategy: normal, platform: XP, platformName: XP, platformVersion: 10.0, rotatable: false, specificationLevel: 0, timeouts: {implicit: 0, pageLoad: 300000, script: 30000}}
Session ID: 2276415f-706d-4c83-b489-b6bb76ff171e
*** Element info: {Using=xpath, value=.//*[@id=&apos;signup-form-error-message-1&apos;]}
	at org.openqa.selenium.remote.http.W3CHttpResponseCodec.createException(W3CHttpResponseCodec.java:187)
	at org.openqa.selenium.remote.http.W3CHttpResponseCodec.decode(W3CHttpResponseCodec.java:122)
	at org.openqa.selenium.remote.http.W3CHttpResponseCodec.decode(W3CHttpResponseCodec.java:49)
	at org.openqa.selenium.remote.HttpCommandExecutor.execute(HttpCommandExecutor.java:160)
	at org.openqa.selenium.remote.service.DriverCommandExecutor.execute(DriverCommandExecutor.java:83)
	at org.openqa.selenium.remote.RemoteWebDriver.execute(RemoteWebDriver.java:601)
	at org.openqa.selenium.remote.RemoteWebDriver.findElement(RemoteWebDriver.java:371)
	at org.openqa.selenium.remote.RemoteWebDriver.findElementByXPath(RemoteWebDriver.java:473)
	at org.openqa.selenium.By$ByXPath.findElement(By.java:361)
	at org.openqa.selenium.remote.RemoteWebDriver.findElement(RemoteWebDriver.java:363)
	at com.automation.xero.testcases.XeroTest.xdcSignup1(XeroTest.java:214)
... Removed 28 stack frames</pre></div><a href='#' onClick='toggleBox("stack-trace1256837057", this, "Click to show all stack frames", "Click to hide stack frames")'>Click to show all stack frames</a>
<div class='stack-trace' id='stack-trace1256837057'><pre>org.openqa.selenium.NoSuchElementException: Unable to locate element: .//*[@id=&apos;signup-form-error-message-1&apos;]
For documentation on this error, please visit: http://seleniumhq.org/exceptions/no_such_element.html
Build info: version: &apos;3.10.0&apos;, revision: &apos;176b4a9&apos;, time: &apos;2018-03-02T19:03:16.397Z&apos;
System info: host: &apos;NUMPC&apos;, ip: &apos;192.168.254.12&apos;, os.name: &apos;Windows 8.1&apos;, os.arch: &apos;amd64&apos;, os.version: &apos;6.3&apos;, java.version: &apos;1.8.0_31&apos;
Driver info: org.openqa.selenium.firefox.FirefoxDriver
Capabilities {acceptInsecureCerts: true, browserName: firefox, browserVersion: 54.0.1, javascriptEnabled: true, moz:accessibilityChecks: false, moz:processID: 17376, moz:profile: C:\Users\Num\AppData\Local\..., pageLoadStrategy: normal, platform: XP, platformName: XP, platformVersion: 10.0, rotatable: false, specificationLevel: 0, timeouts: {implicit: 0, pageLoad: 300000, script: 30000}}
Session ID: 2276415f-706d-4c83-b489-b6bb76ff171e
*** Element info: {Using=xpath, value=.//*[@id=&apos;signup-form-error-message-1&apos;]}
	at sun.reflect.NativeConstructorAccessorImpl.newInstance0(Native Method)
	at sun.reflect.NativeConstructorAccessorImpl.newInstance(Unknown Source)
	at sun.reflect.DelegatingConstructorAccessorImpl.newInstance(Unknown Source)
	at java.lang.reflect.Constructor.newInstance(Unknown Source)
	at org.openqa.selenium.remote.http.W3CHttpResponseCodec.createException(W3CHttpResponseCodec.java:187)
	at org.openqa.selenium.remote.http.W3CHttpResponseCodec.decode(W3CHttpResponseCodec.java:122)
	at org.openqa.selenium.remote.http.W3CHttpResponseCodec.decode(W3CHttpResponseCodec.java:49)
	at org.openqa.selenium.remote.HttpCommandExecutor.execute(HttpCommandExecutor.java:160)
	at org.openqa.selenium.remote.service.DriverCommandExecutor.execute(DriverCommandExecutor.java:83)
	at org.openqa.selenium.remote.RemoteWebDriver.execute(RemoteWebDriver.java:601)
	at org.openqa.selenium.remote.RemoteWebDriver.findElement(RemoteWebDriver.java:371)
	at org.openqa.selenium.remote.RemoteWebDriver.findElementByXPath(RemoteWebDriver.java:473)
	at org.openqa.selenium.By$ByXPath.findElement(By.java:361)
	at org.openqa.selenium.remote.RemoteWebDriver.findElement(RemoteWebDriver.java:363)
	at com.automation.xero.testcases.XeroTest.xdcSignup1(XeroTest.java:214)
	at sun.reflect.NativeMethodAccessorImpl.invoke0(Native Method)
	at sun.reflect.NativeMethodAccessorImpl.invoke(Unknown Source)
	at sun.reflect.DelegatingMethodAccessorImpl.invoke(Unknown Source)
	at java.lang.reflect.Method.invoke(Unknown Source)
	at org.testng.internal.MethodInvocationHelper.invokeMethod(MethodInvocationHelper.java:86)
	at org.testng.internal.Invoker.invokeMethod(Invoker.java:643)
	at org.testng.internal.Invoker.invokeTestMethod(Invoker.java:820)
	at org.testng.internal.Invoker.invokeTestMethods(Invoker.java:1128)
	at org.testng.internal.TestMethodWorker.invokeTestMethods(TestMethodWorker.java:129)
	at org.testng.internal.TestMethodWorker.run(TestMethodWorker.java:112)
	at org.testng.TestRunner.privateRun(TestRunner.java:782)
	at org.testng.TestRunner.run(TestRunner.java:632)
	at org.testng.SuiteRunner.runTest(SuiteRunner.java:366)
	at org.testng.SuiteRunner.runSequentially(SuiteRunner.java:361)
	at org.testng.SuiteRunner.privateRun(SuiteRunner.java:319)
	at org.testng.SuiteRunner.run(SuiteRunner.java:268)
	at org.testng.SuiteRunnerWorker.runSuite(SuiteRunnerWorker.java:52)
	at org.testng.SuiteRunnerWorker.run(SuiteRunnerWorker.java:86)
	at org.testng.TestNG.runSuitesSequentially(TestNG.java:1244)
	at org.testng.TestNG.runSuitesLocally(TestNG.java:1169)
	at org.testng.TestNG.run(TestNG.java:1064)
	at org.testng.remote.AbstractRemoteTestNG.run(AbstractRemoteTestNG.java:132)
	at org.testng.remote.RemoteTestNG.initAndRun(RemoteTestNG.java:236)
	at org.testng.remote.RemoteTestNG.main(RemoteTestNG.java:81)
</pre></div></td>
<td>95</td>
<td>com.automation.xero.testcases.XeroTest@cb5822</td></tr>
</table><p>
<table width='100%' border='1' class='invocation-passed'>
<tr><td colspan='4' align='center'><b>PASSED TESTS</b></td></tr>
<tr><td><b>Test method</b></td>
<td width="30%"><b>Exception</b></td>
<td width="10%"><b>Time (seconds)</b></td>
<td><b>Instance</b></td>
</tr>
<tr>
<td title='com.automation.xero.testcases.XeroTest.addOrg1()'><b>addOrg1</b><br>Test class: com.automation.xero.testcases.XeroTest<br>Parameters: firefox</td>
<td></td>
<td>14</td>
<td>com.automation.xero.testcases.XeroTest@cb5822</td></tr>
<tr>
<td title='com.automation.xero.testcases.XeroTest.addOrg2()'><b>addOrg2</b><br>Test class: com.automation.xero.testcases.XeroTest<br>Parameters: firefox</td>
<td></td>
<td>18</td>
<td>com.automation.xero.testcases.XeroTest@cb5822</td></tr>
<tr>
<td title='com.automation.xero.testcases.XeroTest.addOrg3()'><b>addOrg3</b><br>Test class: com.automation.xero.testcases.XeroTest<br>Parameters: firefox</td>
<td></td>
<td>17</td>
<td>com.automation.xero.testcases.XeroTest@cb5822</td></tr>
<tr>
<td title='com.automation.xero.testcases.XeroTest.addOrg4()'><b>addOrg4</b><br>Test class: com.automation.xero.testcases.XeroTest<br>Parameters: firefox</td>
<td></td>
<td>15</td>
<td>com.automation.xero.testcases.XeroTest@cb5822</td></tr>
<tr>
<td title='com.automation.xero.testcases.XeroTest.addOrg5()'><b>addOrg5</b><br>Test class: com.automation.xero.testcases.XeroTest<br>Parameters: firefox</td>
<td></td>
<td>16</td>
<td>com.automation.xero.testcases.XeroTest@cb5822</td></tr>
<tr>
<td title='com.automation.xero.testcases.XeroTest.addOrg6()'><b>addOrg6</b><br>Test class: com.automation.xero.testcases.XeroTest<br>Parameters: firefox</td>
<td></td>
<td>16</td>
<td>com.automation.xero.testcases.XeroTest@cb5822</td></tr>
<tr>
<td title='com.automation.xero.testcases.XeroTest.forgotPassword()'><b>forgotPassword</b><br>Test class: com.automation.xero.testcases.XeroTest<br>Parameters: firefox</td>
<td></td>
<td>22</td>
<td>com.automation.xero.testcases.XeroTest@cb5822</td></tr>
<tr>
<td title='com.automation.xero.testcases.XeroTest.loginIncorrectEmail()'><b>loginIncorrectEmail</b><br>Test class: com.automation.xero.testcases.XeroTest<br>Parameters: firefox</td>
<td></td>
<td>22</td>
<td>com.automation.xero.testcases.XeroTest@cb5822</td></tr>
<tr>
<td title='com.automation.xero.testcases.XeroTest.loginIncorrectPass()'><b>loginIncorrectPass</b><br>Test class: com.automation.xero.testcases.XeroTest<br>Parameters: firefox</td>
<td></td>
<td>24</td>
<td>com.automation.xero.testcases.XeroTest@cb5822</td></tr>
<tr>
<td title='com.automation.xero.testcases.XeroTest.loginXero()'><b>loginXero</b><br>Test class: com.automation.xero.testcases.XeroTest<br>Parameters: firefox</td>
<td></td>
<td>29</td>
<td>com.automation.xero.testcases.XeroTest@cb5822</td></tr>
<tr>
<td title='com.automation.xero.testcases.XeroTest.testAllTabs()'><b>testAllTabs</b><br>Test class: com.automation.xero.testcases.XeroTest<br>Parameters: firefox</td>
<td></td>
<td>53</td>
<td>com.automation.xero.testcases.XeroTest@cb5822</td></tr>
<tr>
<td title='com.automation.xero.testcases.XeroTest.testUpload()'><b>testUpload</b><br>Test class: com.automation.xero.testcases.XeroTest<br>Parameters: firefox</td>
<td></td>
<td>15</td>
<td>com.automation.xero.testcases.XeroTest@cb5822</td></tr>
<tr>
<td title='com.automation.xero.testcases.XeroTest.userLookout()'><b>userLookout</b><br>Test class: com.automation.xero.testcases.XeroTest<br>Parameters: firefox</td>
<td></td>
<td>15</td>
<td>com.automation.xero.testcases.XeroTest@cb5822</td></tr>
<tr>
<td title='com.automation.xero.testcases.XeroTest.xdcSignup2()'><b>xdcSignup2</b><br>Test class: com.automation.xero.testcases.XeroTest<br>Parameters: firefox</td>
<td></td>
<td>50</td>
<td>com.automation.xero.testcases.XeroTest@cb5822</td></tr>
<tr>
<td title='com.automation.xero.testcases.XeroTest.xdcSignup3()'><b>xdcSignup3</b><br>Test class: com.automation.xero.testcases.XeroTest<br>Parameters: firefox</td>
<td></td>
<td>44</td>
<td>com.automation.xero.testcases.XeroTest@cb5822</td></tr>
<tr>
<td title='com.automation.xero.testcases.XeroTest.xdcSignup4()'><b>xdcSignup4</b><br>Test class: com.automation.xero.testcases.XeroTest<br>Parameters: firefox</td>
<td></td>
<td>48</td>
<td>com.automation.xero.testcases.XeroTest@cb5822</td></tr>
<tr>
<td title='com.automation.xero.testcases.XeroTest.xeroLogout()'><b>xeroLogout</b><br>Test class: com.automation.xero.testcases.XeroTest<br>Parameters: firefox</td>
<td></td>
<td>38</td>
<td>com.automation.xero.testcases.XeroTest@cb5822</td></tr>
</table><p>
</body>
</html>